<?xml version="1.0" encoding="UTF-8"?>
<!-- Generated by org.testng.reporters.JUnitReportReporter -->
<testsuite hostname="LAPTOP-G1FQHVUJ" failures="0" tests="1" name="API.RunCucumberTest" time="0.245" errors="0" timestamp="2021-02-09T01:34:43 IST" skipped="0">
  <testcase classname="API.RunCucumberTest" name="runScenario" time="0.245"/>
  <system-out/>
</testsuite> <!-- API.RunCucumberTest -->
